c:\users\shauna\documents\github\ailabweek1\aigamelab1\x64\debug\vc140.pdb
c:\users\shauna\documents\github\ailabweek1\aigamelab1\x64\debug\vc140.idb
c:\users\shauna\documents\github\ailabweek1\aigamelab1\x64\debug\aigamelab1.obj
c:\users\shauna\documents\github\ailabweek1\aigamelab1\x64\debug\enemy.obj
c:\users\shauna\documents\github\ailabweek1\aigamelab1\x64\debug\player.obj
c:\users\shauna\documents\github\ailabweek1\aigamelab1\x64\debug\ship.obj
c:\users\shauna\documents\github\ailabweek1\x64\debug\aigamelab1.ilk
c:\users\shauna\documents\github\ailabweek1\x64\debug\aigamelab1.exe
c:\users\shauna\documents\github\ailabweek1\x64\debug\aigamelab1.pdb
c:\users\shauna\documents\github\ailabweek1\aigamelab1\x64\debug\inputmanager.obj
c:\users\shauna\documents\github\ailabweek1\aigamelab1\x64\debug\simplesprite.obj
c:\users\shauna\documents\github\ailabweek1\aigamelab1\x64\debug\stdafx.obj
c:\users\shauna\documents\github\ailabweek1\aigamelab1\x64\debug\aigamelab1.obj.enc
c:\users\shauna\documents\github\ailabweek1\aigamelab1\x64\debug\player.obj.enc
c:\users\shauna\documents\github\ailabweek1\aigamelab1\x64\debug\ship.obj.enc
c:\users\shauna\documents\github\ailabweek1\aigamelab1\x64\debug\aigamelab1.pch
c:\users\shauna\documents\github\ailabweek1\aigamelab1\x64\debug\aigamelab1.tlog\cl.command.1.tlog
c:\users\shauna\documents\github\ailabweek1\aigamelab1\x64\debug\aigamelab1.tlog\cl.read.1.tlog
c:\users\shauna\documents\github\ailabweek1\aigamelab1\x64\debug\aigamelab1.tlog\cl.write.1.tlog
c:\users\shauna\documents\github\ailabweek1\aigamelab1\x64\debug\aigamelab1.tlog\link.command.1.tlog
c:\users\shauna\documents\github\ailabweek1\aigamelab1\x64\debug\aigamelab1.tlog\link.read.1.tlog
c:\users\shauna\documents\github\ailabweek1\aigamelab1\x64\debug\aigamelab1.tlog\link.write.1.tlog
